{"D:\\275\\brokenfinal\\quizzer_start\\src\\App.tsx": {"path":"D:\\275\\brokenfinal\\quizzer_start\\src\\App.tsx","statementMap":{"0":{"start":{"line":8,"column":34},"end":{"line":8,"column":57}},"1":{"start":{"line":10,"column":4},"end":{"line":26,"column":6}},"2":{"start":{"line":16,"column":24},"end":{"line":16,"column":45}}},"fnMap":{"0":{"name":"App","decl":{"start":{"line":7,"column":9},"end":{"line":7,"column":12}},"loc":{"start":{"line":7,"column":28},"end":{"line":27,"column":1}},"line":7},"1":{"name":"(anonymous_1)","decl":{"start":{"line":15,"column":29},"end":{"line":15,"column":30}},"loc":{"start":{"line":15,"column":35},"end":{"line":17,"column":21}},"line":15}},"branchMap":{"0":{"loc":{"start":{"line":19,"column":21},"end":{"line":19,"column":50}},"type":"cond-expr","locations":[{"start":{"line":19,"column":31},"end":{"line":19,"column":40}},{"start":{"line":19,"column":43},"end":{"line":19,"column":50}}],"line":19},"1":{"loc":{"start":{"line":22,"column":35},"end":{"line":22,"column":61}},"type":"cond-expr","locations":[{"start":{"line":22,"column":45},"end":{"line":22,"column":52}},{"start":{"line":22,"column":55},"end":{"line":22,"column":61}}],"line":22}},"s":{"0":2,"1":1,"2":0},"f":{"0":2,"1":0},"b":{"0":[1,0],"1":[1,0]},"_coverageSchema":"1a1c01bbd47fc00a2c39e90264f33305004495a9","hash":"d5ccf49394d4776caf5512e4f5acb1b26f6f2318"}
,"D:\\275\\brokenfinal\\quizzer_start\\src\\interfaces\\question.ts": {"path":"D:\\275\\brokenfinal\\quizzer_start\\src\\interfaces\\question.ts","statementMap":{},"fnMap":{},"branchMap":{},"s":{},"f":{},"b":{}}
,"D:\\275\\brokenfinal\\quizzer_start\\src\\interfaces\\quiz.ts": {"path":"D:\\275\\brokenfinal\\quizzer_start\\src\\interfaces\\quiz.ts","statementMap":{},"fnMap":{},"branchMap":{},"s":{},"f":{},"b":{}}
,"D:\\275\\brokenfinal\\quizzer_start\\src\\quizzer\\AddQuizModal.tsx": {"path":"D:\\275\\brokenfinal\\quizzer_start\\src\\quizzer\\AddQuizModal.tsx","statementMap":{"0":{"start":{"line":4,"column":28},"end":{"line":64,"column":1}},"1":{"start":{"line":10,"column":30},"end":{"line":10,"column":62}},"2":{"start":{"line":11,"column":28},"end":{"line":11,"column":60}},"3":{"start":{"line":13,"column":24},"end":{"line":18,"column":5}},"4":{"start":{"line":14,"column":8},"end":{"line":14,"column":29}},"5":{"start":{"line":15,"column":8},"end":{"line":15,"column":33}},"6":{"start":{"line":16,"column":8},"end":{"line":16,"column":39}},"7":{"start":{"line":17,"column":8},"end":{"line":17,"column":22}},"8":{"start":{"line":20,"column":4},"end":{"line":63,"column":6}},"9":{"start":{"line":33,"column":33},"end":{"line":33,"column":57}},"10":{"start":{"line":42,"column":33},"end":{"line":42,"column":56}},"11":{"start":{"line":50,"column":28},"end":{"line":50,"column":53}},"12":{"start":{"line":51,"column":28},"end":{"line":51,"column":59}},"13":{"start":{"line":52,"column":28},"end":{"line":52,"column":42}}},"fnMap":{"0":{"name":"(anonymous_0)","decl":{"start":{"line":4,"column":28},"end":{"line":4,"column":29}},"loc":{"start":{"line":9,"column":6},"end":{"line":64,"column":1}},"line":9},"1":{"name":"(anonymous_1)","decl":{"start":{"line":13,"column":24},"end":{"line":13,"column":25}},"loc":{"start":{"line":13,"column":30},"end":{"line":18,"column":5}},"line":13},"2":{"name":"(anonymous_2)","decl":{"start":{"line":31,"column":38},"end":{"line":31,"column":39}},"loc":{"start":{"line":33,"column":33},"end":{"line":33,"column":57}},"line":33},"3":{"name":"(anonymous_3)","decl":{"start":{"line":40,"column":38},"end":{"line":40,"column":39}},"loc":{"start":{"line":42,"column":33},"end":{"line":42,"column":56}},"line":42},"4":{"name":"(anonymous_4)","decl":{"start":{"line":49,"column":33},"end":{"line":49,"column":34}},"loc":{"start":{"line":49,"column":39},"end":{"line":53,"column":25}},"line":49}},"branchMap":{},"s":{"0":1,"1":1,"2":1,"3":1,"4":0,"5":0,"6":0,"7":0,"8":1,"9":0,"10":0,"11":0,"12":0,"13":0},"f":{"0":1,"1":0,"2":0,"3":0,"4":0},"b":{},"_coverageSchema":"1a1c01bbd47fc00a2c39e90264f33305004495a9","hash":"6fe797a04f5012e769ff380c1016181ade591650"}
,"D:\\275\\brokenfinal\\quizzer_start\\src\\quizzer\\QuestionEdit.tsx": {"path":"D:\\275\\brokenfinal\\quizzer_start\\src\\quizzer\\QuestionEdit.tsx","statementMap":{"0":{"start":{"line":7,"column":28},"end":{"line":253,"column":1}},"1":{"start":{"line":15,"column":19},"end":{"line":17,"column":5}},"2":{"start":{"line":16,"column":50},"end":{"line":16,"column":73}},"3":{"start":{"line":19,"column":29},"end":{"line":29,"column":5}},"4":{"start":{"line":20,"column":8},"end":{"line":20,"column":13}},"5":{"start":{"line":22,"column":12},"end":{"line":22,"column":71}},"6":{"start":{"line":23,"column":8},"end":{"line":28,"column":11}},"7":{"start":{"line":31,"column":24},"end":{"line":39,"column":5}},"8":{"start":{"line":32,"column":8},"end":{"line":32,"column":13}},"9":{"start":{"line":33,"column":8},"end":{"line":38,"column":11}},"10":{"start":{"line":41,"column":25},"end":{"line":44,"column":5}},"11":{"start":{"line":42,"column":5},"end":{"line":42,"column":47}},"12":{"start":{"line":43,"column":8},"end":{"line":43,"column":44}},"13":{"start":{"line":46,"column":31},"end":{"line":57,"column":5}},"14":{"start":{"line":50,"column":27},"end":{"line":50,"column":48}},"15":{"start":{"line":51,"column":8},"end":{"line":51,"column":48}},"16":{"start":{"line":52,"column":8},"end":{"line":56,"column":11}},"17":{"start":{"line":59,"column":30},"end":{"line":66,"column":5}},"18":{"start":{"line":60,"column":20},"end":{"line":60,"column":44}},"19":{"start":{"line":61,"column":8},"end":{"line":61,"column":15}},"20":{"start":{"line":62,"column":8},"end":{"line":65,"column":11}},"21":{"start":{"line":68,"column":4},"end":{"line":252,"column":6}},"22":{"start":{"line":85,"column":36},"end":{"line":88,"column":39}},"23":{"start":{"line":158,"column":44},"end":{"line":161,"column":47}},"24":{"start":{"line":171,"column":44},"end":{"line":198,"column":50}},"25":{"start":{"line":192,"column":56},"end":{"line":195,"column":58}},"26":{"start":{"line":210,"column":32},"end":{"line":210,"column":63}},"27":{"start":{"line":219,"column":32},"end":{"line":219,"column":63}},"28":{"start":{"line":235,"column":28},"end":{"line":238,"column":31}},"29":{"start":{"line":244,"column":28},"end":{"line":244,"column":56}}},"fnMap":{"0":{"name":"(anonymous_0)","decl":{"start":{"line":7,"column":28},"end":{"line":7,"column":29}},"loc":{"start":{"line":14,"column":199},"end":{"line":253,"column":1}},"line":14},"1":{"name":"(anonymous_1)","decl":{"start":{"line":16,"column":35},"end":{"line":16,"column":36}},"loc":{"start":{"line":16,"column":50},"end":{"line":16,"column":73}},"line":16},"2":{"name":"(anonymous_2)","decl":{"start":{"line":19,"column":29},"end":{"line":19,"column":30}},"loc":{"start":{"line":19,"column":73},"end":{"line":29,"column":5}},"line":19},"3":{"name":"(anonymous_3)","decl":{"start":{"line":31,"column":24},"end":{"line":31,"column":25}},"loc":{"start":{"line":31,"column":30},"end":{"line":39,"column":5}},"line":31},"4":{"name":"(anonymous_4)","decl":{"start":{"line":41,"column":25},"end":{"line":41,"column":26}},"loc":{"start":{"line":41,"column":69},"end":{"line":44,"column":5}},"line":41},"5":{"name":"(anonymous_5)","decl":{"start":{"line":46,"column":31},"end":{"line":46,"column":32}},"loc":{"start":{"line":49,"column":9},"end":{"line":57,"column":5}},"line":49},"6":{"name":"(anonymous_6)","decl":{"start":{"line":59,"column":30},"end":{"line":59,"column":31}},"loc":{"start":{"line":59,"column":74},"end":{"line":66,"column":5}},"line":59},"7":{"name":"(anonymous_7)","decl":{"start":{"line":82,"column":42},"end":{"line":82,"column":43}},"loc":{"start":{"line":84,"column":37},"end":{"line":89,"column":33}},"line":84},"8":{"name":"(anonymous_8)","decl":{"start":{"line":155,"column":50},"end":{"line":155,"column":51}},"loc":{"start":{"line":157,"column":45},"end":{"line":162,"column":41}},"line":157},"9":{"name":"(anonymous_9)","decl":{"start":{"line":170,"column":40},"end":{"line":170,"column":41}},"loc":{"start":{"line":171,"column":44},"end":{"line":198,"column":50}},"line":171},"10":{"name":"(anonymous_10)","decl":{"start":{"line":189,"column":62},"end":{"line":189,"column":63}},"loc":{"start":{"line":191,"column":57},"end":{"line":196,"column":53}},"line":191},"11":{"name":"(anonymous_11)","decl":{"start":{"line":209,"column":37},"end":{"line":209,"column":38}},"loc":{"start":{"line":209,"column":43},"end":{"line":211,"column":29}},"line":209},"12":{"name":"(anonymous_12)","decl":{"start":{"line":218,"column":37},"end":{"line":218,"column":38}},"loc":{"start":{"line":218,"column":43},"end":{"line":220,"column":29}},"line":218},"13":{"name":"(anonymous_13)","decl":{"start":{"line":234,"column":34},"end":{"line":234,"column":35}},"loc":{"start":{"line":234,"column":78},"end":{"line":239,"column":25}},"line":234},"14":{"name":"(anonymous_14)","decl":{"start":{"line":243,"column":33},"end":{"line":243,"column":34}},"loc":{"start":{"line":243,"column":39},"end":{"line":245,"column":25}},"line":243}},"branchMap":{"0":{"loc":{"start":{"line":22,"column":12},"end":{"line":22,"column":71}},"type":"cond-expr","locations":[{"start":{"line":22,"column":43},"end":{"line":22,"column":44}},{"start":{"line":22,"column":47},"end":{"line":22,"column":71}}],"line":22},"1":{"loc":{"start":{"line":55,"column":22},"end":{"line":55,"column":66}},"type":"cond-expr","locations":[{"start":{"line":55,"column":32},"end":{"line":55,"column":46}},{"start":{"line":55,"column":49},"end":{"line":55,"column":66}}],"line":55},"2":{"loc":{"start":{"line":104,"column":31},"end":{"line":104,"column":63}},"type":"cond-expr","locations":[{"start":{"line":104,"column":55},"end":{"line":104,"column":58}},{"start":{"line":104,"column":61},"end":{"line":104,"column":63}}],"line":104},"3":{"loc":{"start":{"line":135,"column":29},"end":{"line":147,"column":29}},"type":"binary-expr","locations":[{"start":{"line":135,"column":29},"end":{"line":135,"column":73}},{"start":{"line":136,"column":32},"end":{"line":146,"column":35}}],"line":135},"4":{"loc":{"start":{"line":150,"column":29},"end":{"line":165,"column":29}},"type":"binary-expr","locations":[{"start":{"line":150,"column":29},"end":{"line":150,"column":70}},{"start":{"line":151,"column":32},"end":{"line":164,"column":45}}],"line":150},"5":{"loc":{"start":{"line":166,"column":29},"end":{"line":202,"column":29}},"type":"binary-expr","locations":[{"start":{"line":166,"column":29},"end":{"line":166,"column":73}},{"start":{"line":167,"column":32},"end":{"line":201,"column":45}}],"line":166}},"s":{"0":1,"1":0,"2":0,"3":0,"4":0,"5":0,"6":0,"7":0,"8":0,"9":0,"10":0,"11":0,"12":0,"13":0,"14":0,"15":0,"16":0,"17":0,"18":0,"19":0,"20":0,"21":0,"22":0,"23":0,"24":0,"25":0,"26":0,"27":0,"28":0,"29":0},"f":{"0":0,"1":0,"2":0,"3":0,"4":0,"5":0,"6":0,"7":0,"8":0,"9":0,"10":0,"11":0,"12":0,"13":0,"14":0},"b":{"0":[0,0],"1":[0,0],"2":[0,0],"3":[0,0],"4":[0,0],"5":[0,0]},"_coverageSchema":"1a1c01bbd47fc00a2c39e90264f33305004495a9","hash":"274442865861ddc1b15c323af16d79ea6ade58bb"}
,"D:\\275\\brokenfinal\\quizzer_start\\src\\quizzer\\QuizCard.tsx": {"path":"D:\\275\\brokenfinal\\quizzer_start\\src\\quizzer\\QuizCard.tsx","statementMap":{"0":{"start":{"line":7,"column":24},"end":{"line":35,"column":1}},"1":{"start":{"line":11,"column":30},"end":{"line":14,"column":5}},"2":{"start":{"line":13,"column":12},"end":{"line":13,"column":62}},"3":{"start":{"line":16,"column":4},"end":{"line":34,"column":6}},"4":{"start":{"line":22,"column":24},"end":{"line":22,"column":45}}},"fnMap":{"0":{"name":"(anonymous_0)","decl":{"start":{"line":7,"column":24},"end":{"line":7,"column":25}},"loc":{"start":{"line":10,"column":54},"end":{"line":35,"column":1}},"line":10},"1":{"name":"(anonymous_1)","decl":{"start":{"line":12,"column":8},"end":{"line":12,"column":9}},"loc":{"start":{"line":13,"column":12},"end":{"line":13,"column":62}},"line":13},"2":{"name":"(anonymous_2)","decl":{"start":{"line":21,"column":29},"end":{"line":21,"column":30}},"loc":{"start":{"line":21,"column":35},"end":{"line":23,"column":21}},"line":21}},"branchMap":{"0":{"loc":{"start":{"line":13,"column":12},"end":{"line":13,"column":62}},"type":"binary-expr","locations":[{"start":{"line":13,"column":13},"end":{"line":13,"column":27}},{"start":{"line":13,"column":31},"end":{"line":13,"column":42}},{"start":{"line":13,"column":47},"end":{"line":13,"column":62}}],"line":13},"1":{"loc":{"start":{"line":29,"column":21},"end":{"line":29,"column":62}},"type":"cond-expr","locations":[{"start":{"line":29,"column":54},"end":{"line":29,"column":57}},{"start":{"line":29,"column":60},"end":{"line":29,"column":62}}],"line":29}},"s":{"0":1,"1":5,"2":20,"3":5,"4":0},"f":{"0":5,"1":20,"2":0},"b":{"0":[20,17,9],"1":[5,0]},"_coverageSchema":"1a1c01bbd47fc00a2c39e90264f33305004495a9","hash":"738c8ebc79d670448b47412d381d72dbc227234a"}
,"D:\\275\\brokenfinal\\quizzer_start\\src\\quizzer\\QuizEdit.tsx": {"path":"D:\\275\\brokenfinal\\quizzer_start\\src\\quizzer\\QuizEdit.tsx","statementMap":{"0":{"start":{"line":9,"column":24},"end":{"line":171,"column":1}},"1":{"start":{"line":16,"column":34},"end":{"line":16,"column":61}},"2":{"start":{"line":18,"column":25},"end":{"line":28,"column":5}},"3":{"start":{"line":19,"column":8},"end":{"line":27,"column":11}},"4":{"start":{"line":23,"column":20},"end":{"line":24,"column":36}},"5":{"start":{"line":23,"column":46},"end":{"line":23,"column":65}},"6":{"start":{"line":24,"column":26},"end":{"line":24,"column":35}},"7":{"start":{"line":30,"column":27},"end":{"line":37,"column":5}},"8":{"start":{"line":31,"column":8},"end":{"line":36,"column":11}},"9":{"start":{"line":34,"column":42},"end":{"line":34,"column":61}},"10":{"start":{"line":39,"column":24},"end":{"line":41,"column":5}},"11":{"start":{"line":40,"column":8},"end":{"line":40,"column":43}},"12":{"start":{"line":43,"column":25},"end":{"line":54,"column":5}},"13":{"start":{"line":44,"column":8},"end":{"line":53,"column":11}},"14":{"start":{"line":48,"column":20},"end":{"line":50,"column":36}},"15":{"start":{"line":48,"column":39},"end":{"line":48,"column":73}},"16":{"start":{"line":49,"column":25},"end":{"line":50,"column":36}},"17":{"start":{"line":49,"column":44},"end":{"line":49,"column":78}},"18":{"start":{"line":50,"column":26},"end":{"line":50,"column":35}},"19":{"start":{"line":56,"column":4},"end":{"line":170,"column":6}},"20":{"start":{"line":68,"column":36},"end":{"line":71,"column":38}},"21":{"start":{"line":85,"column":32},"end":{"line":88,"column":35}},"22":{"start":{"line":98,"column":28},"end":{"line":98,"column":76}},"23":{"start":{"line":106,"column":20},"end":{"line":114,"column":36}},"24":{"start":{"line":122,"column":24},"end":{"line":137,"column":27}},"25":{"start":{"line":148,"column":32},"end":{"line":148,"column":46}},"26":{"start":{"line":149,"column":32},"end":{"line":149,"column":45}},"27":{"start":{"line":161,"column":28},"end":{"line":161,"column":48}},"28":{"start":{"line":162,"column":28},"end":{"line":162,"column":44}}},"fnMap":{"0":{"name":"(anonymous_0)","decl":{"start":{"line":9,"column":24},"end":{"line":9,"column":25}},"loc":{"start":{"line":15,"column":161},"end":{"line":171,"column":1}},"line":15},"1":{"name":"(anonymous_1)","decl":{"start":{"line":18,"column":25},"end":{"line":18,"column":26}},"loc":{"start":{"line":18,"column":72},"end":{"line":28,"column":5}},"line":18},"2":{"name":"(anonymous_2)","decl":{"start":{"line":22,"column":16},"end":{"line":22,"column":17}},"loc":{"start":{"line":22,"column":43},"end":{"line":25,"column":17}},"line":22},"3":{"name":"(anonymous_3)","decl":{"start":{"line":30,"column":27},"end":{"line":30,"column":28}},"loc":{"start":{"line":30,"column":51},"end":{"line":37,"column":5}},"line":30},"4":{"name":"(anonymous_4)","decl":{"start":{"line":34,"column":16},"end":{"line":34,"column":17}},"loc":{"start":{"line":34,"column":42},"end":{"line":34,"column":61}},"line":34},"5":{"name":"(anonymous_5)","decl":{"start":{"line":39,"column":24},"end":{"line":39,"column":25}},"loc":{"start":{"line":39,"column":30},"end":{"line":41,"column":5}},"line":39},"6":{"name":"(anonymous_6)","decl":{"start":{"line":43,"column":25},"end":{"line":43,"column":26}},"loc":{"start":{"line":43,"column":57},"end":{"line":54,"column":5}},"line":43},"7":{"name":"(anonymous_7)","decl":{"start":{"line":47,"column":16},"end":{"line":47,"column":17}},"loc":{"start":{"line":47,"column":56},"end":{"line":51,"column":17}},"line":47},"8":{"name":"(anonymous_8)","decl":{"start":{"line":65,"column":42},"end":{"line":65,"column":43}},"loc":{"start":{"line":68,"column":36},"end":{"line":71,"column":38}},"line":68},"9":{"name":"(anonymous_9)","decl":{"start":{"line":82,"column":38},"end":{"line":82,"column":39}},"loc":{"start":{"line":84,"column":33},"end":{"line":89,"column":29}},"line":84},"10":{"name":"(anonymous_10)","decl":{"start":{"line":97,"column":34},"end":{"line":97,"column":35}},"loc":{"start":{"line":98,"column":28},"end":{"line":98,"column":76}},"line":98},"11":{"name":"(anonymous_11)","decl":{"start":{"line":105,"column":42},"end":{"line":105,"column":43}},"loc":{"start":{"line":106,"column":20},"end":{"line":114,"column":36}},"line":106},"12":{"name":"(anonymous_12)","decl":{"start":{"line":121,"column":29},"end":{"line":121,"column":30}},"loc":{"start":{"line":121,"column":35},"end":{"line":138,"column":21}},"line":121},"13":{"name":"(anonymous_13)","decl":{"start":{"line":147,"column":37},"end":{"line":147,"column":38}},"loc":{"start":{"line":147,"column":43},"end":{"line":150,"column":29}},"line":147},"14":{"name":"(anonymous_14)","decl":{"start":{"line":160,"column":33},"end":{"line":160,"column":34}},"loc":{"start":{"line":160,"column":39},"end":{"line":163,"column":25}},"line":160}},"branchMap":{"0":{"loc":{"start":{"line":23,"column":20},"end":{"line":24,"column":36}},"type":"if","locations":[{"start":{"line":23,"column":20},"end":{"line":24,"column":36}},{"start":{"line":24,"column":25},"end":{"line":24,"column":36}}],"line":23},"1":{"loc":{"start":{"line":48,"column":20},"end":{"line":50,"column":36}},"type":"if","locations":[{"start":{"line":48,"column":20},"end":{"line":50,"column":36}},{"start":{"line":49,"column":25},"end":{"line":50,"column":36}}],"line":48},"2":{"loc":{"start":{"line":49,"column":25},"end":{"line":50,"column":36}},"type":"if","locations":[{"start":{"line":49,"column":25},"end":{"line":50,"column":36}},{"start":{"line":50,"column":25},"end":{"line":50,"column":36}}],"line":49}},"s":{"0":1,"1":0,"2":0,"3":0,"4":0,"5":0,"6":0,"7":0,"8":0,"9":0,"10":0,"11":0,"12":0,"13":0,"14":0,"15":0,"16":0,"17":0,"18":0,"19":0,"20":0,"21":0,"22":0,"23":0,"24":0,"25":0,"26":0,"27":0,"28":0},"f":{"0":0,"1":0,"2":0,"3":0,"4":0,"5":0,"6":0,"7":0,"8":0,"9":0,"10":0,"11":0,"12":0,"13":0,"14":0},"b":{"0":[0,0],"1":[0,0],"2":[0,0]},"_coverageSchema":"1a1c01bbd47fc00a2c39e90264f33305004495a9","hash":"f50f4e5ed2b27d1b52719479a1ef36ee9d64d0d3"}
,"D:\\275\\brokenfinal\\quizzer_start\\src\\quizzer\\QuizExpanded.tsx": {"path":"D:\\275\\brokenfinal\\quizzer_start\\src\\quizzer\\QuizExpanded.tsx","statementMap":{"0":{"start":{"line":9,"column":28},"end":{"line":114,"column":1}},"1":{"start":{"line":15,"column":30},"end":{"line":18,"column":5}},"2":{"start":{"line":17,"column":12},"end":{"line":17,"column":62}},"3":{"start":{"line":20,"column":20},"end":{"line":20,"column":39}},"4":{"start":{"line":21,"column":38},"end":{"line":23,"column":5}},"5":{"start":{"line":25,"column":33},"end":{"line":29,"column":5}},"6":{"start":{"line":26,"column":29},"end":{"line":26,"column":43}},"7":{"start":{"line":27,"column":8},"end":{"line":27,"column":44}},"8":{"start":{"line":28,"column":8},"end":{"line":28,"column":35}},"9":{"start":{"line":31,"column":24},"end":{"line":34,"column":5}},"10":{"start":{"line":32,"column":47},"end":{"line":32,"column":62}},"11":{"start":{"line":36,"column":22},"end":{"line":38,"column":5}},"12":{"start":{"line":37,"column":8},"end":{"line":37,"column":41}},"13":{"start":{"line":37,"column":26},"end":{"line":37,"column":39}},"14":{"start":{"line":40,"column":18},"end":{"line":50,"column":5}},"15":{"start":{"line":41,"column":8},"end":{"line":41,"column":58}},"16":{"start":{"line":42,"column":8},"end":{"line":47,"column":11}},"17":{"start":{"line":45,"column":44},"end":{"line":45,"column":68}},"18":{"start":{"line":49,"column":8},"end":{"line":49,"column":14}},"19":{"start":{"line":52,"column":28},"end":{"line":57,"column":5}},"20":{"start":{"line":53,"column":8},"end":{"line":56,"column":11}},"21":{"start":{"line":55,"column":64},"end":{"line":55,"column":113}},"22":{"start":{"line":59,"column":4},"end":{"line":113,"column":6}},"23":{"start":{"line":74,"column":28},"end":{"line":74,"column":36}},"24":{"start":{"line":75,"column":28},"end":{"line":75,"column":41}},"25":{"start":{"line":83,"column":39},"end":{"line":83,"column":54}},"26":{"start":{"line":92,"column":20},"end":{"line":100,"column":40}}},"fnMap":{"0":{"name":"(anonymous_0)","decl":{"start":{"line":9,"column":28},"end":{"line":9,"column":29}},"loc":{"start":{"line":14,"column":5},"end":{"line":114,"column":1}},"line":14},"1":{"name":"(anonymous_1)","decl":{"start":{"line":16,"column":8},"end":{"line":16,"column":9}},"loc":{"start":{"line":17,"column":12},"end":{"line":17,"column":62}},"line":17},"2":{"name":"(anonymous_2)","decl":{"start":{"line":25,"column":33},"end":{"line":25,"column":34}},"loc":{"start":{"line":25,"column":58},"end":{"line":29,"column":5}},"line":25},"3":{"name":"(anonymous_3)","decl":{"start":{"line":32,"column":8},"end":{"line":32,"column":9}},"loc":{"start":{"line":32,"column":47},"end":{"line":32,"column":62}},"line":32},"4":{"name":"(anonymous_4)","decl":{"start":{"line":36,"column":22},"end":{"line":36,"column":23}},"loc":{"start":{"line":36,"column":37},"end":{"line":38,"column":5}},"line":36},"5":{"name":"(anonymous_5)","decl":{"start":{"line":37,"column":11},"end":{"line":37,"column":12}},"loc":{"start":{"line":37,"column":26},"end":{"line":37,"column":39}},"line":37},"6":{"name":"(anonymous_6)","decl":{"start":{"line":40,"column":18},"end":{"line":40,"column":19}},"loc":{"start":{"line":40,"column":24},"end":{"line":50,"column":5}},"line":40},"7":{"name":"(anonymous_7)","decl":{"start":{"line":45,"column":16},"end":{"line":45,"column":17}},"loc":{"start":{"line":45,"column":44},"end":{"line":45,"column":68}},"line":45},"8":{"name":"(anonymous_8)","decl":{"start":{"line":52,"column":28},"end":{"line":52,"column":29}},"loc":{"start":{"line":52,"column":71},"end":{"line":57,"column":5}},"line":52},"9":{"name":"(anonymous_9)","decl":{"start":{"line":55,"column":48},"end":{"line":55,"column":49}},"loc":{"start":{"line":55,"column":64},"end":{"line":55,"column":113}},"line":55},"10":{"name":"(anonymous_10)","decl":{"start":{"line":73,"column":33},"end":{"line":73,"column":34}},"loc":{"start":{"line":73,"column":39},"end":{"line":76,"column":25}},"line":73},"11":{"name":"(anonymous_11)","decl":{"start":{"line":83,"column":33},"end":{"line":83,"column":34}},"loc":{"start":{"line":83,"column":39},"end":{"line":83,"column":54}},"line":83},"12":{"name":"(anonymous_12)","decl":{"start":{"line":91,"column":35},"end":{"line":91,"column":36}},"loc":{"start":{"line":92,"column":20},"end":{"line":100,"column":40}},"line":92}},"branchMap":{"0":{"loc":{"start":{"line":17,"column":12},"end":{"line":17,"column":62}},"type":"binary-expr","locations":[{"start":{"line":17,"column":13},"end":{"line":17,"column":27}},{"start":{"line":17,"column":31},"end":{"line":17,"column":42}},{"start":{"line":17,"column":47},"end":{"line":17,"column":62}}],"line":17},"1":{"loc":{"start":{"line":55,"column":64},"end":{"line":55,"column":113}},"type":"cond-expr","locations":[{"start":{"line":55,"column":86},"end":{"line":55,"column":109}},{"start":{"line":55,"column":112},"end":{"line":55,"column":113}}],"line":55},"2":{"loc":{"start":{"line":66,"column":25},"end":{"line":66,"column":66}},"type":"cond-expr","locations":[{"start":{"line":66,"column":58},"end":{"line":66,"column":61}},{"start":{"line":66,"column":64},"end":{"line":66,"column":66}}],"line":66}},"s":{"0":1,"1":0,"2":0,"3":0,"4":0,"5":0,"6":0,"7":0,"8":0,"9":0,"10":0,"11":0,"12":0,"13":0,"14":0,"15":0,"16":0,"17":0,"18":0,"19":0,"20":0,"21":0,"22":0,"23":0,"24":0,"25":0,"26":0},"f":{"0":0,"1":0,"2":0,"3":0,"4":0,"5":0,"6":0,"7":0,"8":0,"9":0,"10":0,"11":0,"12":0},"b":{"0":[0,0,0],"1":[0,0],"2":[0,0]},"_coverageSchema":"1a1c01bbd47fc00a2c39e90264f33305004495a9","hash":"df6197ad222c19fa9435b55de48672ab5267dbff"}
,"D:\\275\\brokenfinal\\quizzer_start\\src\\quizzer\\QuizList.tsx": {"path":"D:\\275\\brokenfinal\\quizzer_start\\src\\quizzer\\QuizList.tsx","statementMap":{"0":{"start":{"line":8,"column":24},"end":{"line":56,"column":1}},"1":{"start":{"line":14,"column":38},"end":{"line":14,"column":67}},"2":{"start":{"line":16,"column":27},"end":{"line":18,"column":5}},"3":{"start":{"line":17,"column":8},"end":{"line":17,"column":25}},"4":{"start":{"line":20,"column":26},"end":{"line":22,"column":5}},"5":{"start":{"line":21,"column":8},"end":{"line":21,"column":27}},"6":{"start":{"line":24,"column":4},"end":{"line":55,"column":6}},"7":{"start":{"line":29,"column":24},"end":{"line":33,"column":36}},"8":{"start":{"line":41,"column":16},"end":{"line":52,"column":46}},"9":{"start":{"line":42,"column":20},"end":{"line":50,"column":22}},"10":{"start":{"line":52,"column":22},"end":{"line":52,"column":45}}},"fnMap":{"0":{"name":"(anonymous_0)","decl":{"start":{"line":8,"column":24},"end":{"line":8,"column":25}},"loc":{"start":{"line":13,"column":125},"end":{"line":56,"column":1}},"line":13},"1":{"name":"(anonymous_1)","decl":{"start":{"line":16,"column":27},"end":{"line":16,"column":28}},"loc":{"start":{"line":16,"column":43},"end":{"line":18,"column":5}},"line":16},"2":{"name":"(anonymous_2)","decl":{"start":{"line":20,"column":26},"end":{"line":20,"column":27}},"loc":{"start":{"line":20,"column":32},"end":{"line":22,"column":5}},"line":20},"3":{"name":"(anonymous_3)","decl":{"start":{"line":28,"column":33},"end":{"line":28,"column":34}},"loc":{"start":{"line":29,"column":24},"end":{"line":33,"column":36}},"line":29},"4":{"name":"(anonymous_4)","decl":{"start":{"line":40,"column":25},"end":{"line":40,"column":26}},"loc":{"start":{"line":40,"column":41},"end":{"line":53,"column":13}},"line":40}},"branchMap":{"0":{"loc":{"start":{"line":26,"column":13},"end":{"line":39,"column":13}},"type":"binary-expr","locations":[{"start":{"line":26,"column":13},"end":{"line":26,"column":23}},{"start":{"line":27,"column":16},"end":{"line":38,"column":19}}],"line":26},"1":{"loc":{"start":{"line":41,"column":16},"end":{"line":52,"column":46}},"type":"if","locations":[{"start":{"line":41,"column":16},"end":{"line":52,"column":46}},{"start":{"line":52,"column":21},"end":{"line":52,"column":46}}],"line":41}},"s":{"0":1,"1":1,"2":1,"3":0,"4":1,"5":0,"6":1,"7":5,"8":5,"9":0,"10":5},"f":{"0":1,"1":0,"2":0,"3":5,"4":5},"b":{"0":[1,1],"1":[0,5]},"_coverageSchema":"1a1c01bbd47fc00a2c39e90264f33305004495a9","hash":"4532fe31e9d76468ac38f04b05a3404bde666b32"}
,"D:\\275\\brokenfinal\\quizzer_start\\src\\quizzer\\QuizQuestion.tsx": {"path":"D:\\275\\brokenfinal\\quizzer_start\\src\\quizzer\\QuizQuestion.tsx","statementMap":{"0":{"start":{"line":8,"column":28},"end":{"line":86,"column":1}},"1":{"start":{"line":16,"column":24},"end":{"line":20,"column":5}},"2":{"start":{"line":17,"column":8},"end":{"line":19,"column":9}},"3":{"start":{"line":18,"column":12},"end":{"line":18,"column":57}},"4":{"start":{"line":22,"column":30},"end":{"line":27,"column":5}},"5":{"start":{"line":23,"column":8},"end":{"line":23,"column":28}},"6":{"start":{"line":24,"column":8},"end":{"line":26,"column":9}},"7":{"start":{"line":25,"column":12},"end":{"line":25,"column":39}},"8":{"start":{"line":29,"column":4},"end":{"line":85,"column":6}},"9":{"start":{"line":55,"column":36},"end":{"line":63,"column":38}}},"fnMap":{"0":{"name":"(anonymous_0)","decl":{"start":{"line":8,"column":28},"end":{"line":8,"column":29}},"loc":{"start":{"line":15,"column":5},"end":{"line":86,"column":1}},"line":15},"1":{"name":"(anonymous_1)","decl":{"start":{"line":16,"column":24},"end":{"line":16,"column":25}},"loc":{"start":{"line":16,"column":44},"end":{"line":20,"column":5}},"line":16},"2":{"name":"(anonymous_2)","decl":{"start":{"line":22,"column":30},"end":{"line":22,"column":31}},"loc":{"start":{"line":22,"column":36},"end":{"line":27,"column":5}},"line":22},"3":{"name":"(anonymous_3)","decl":{"start":{"line":54,"column":32},"end":{"line":54,"column":33}},"loc":{"start":{"line":55,"column":36},"end":{"line":63,"column":38}},"line":55}},"branchMap":{"0":{"loc":{"start":{"line":17,"column":8},"end":{"line":19,"column":9}},"type":"if","locations":[{"start":{"line":17,"column":8},"end":{"line":19,"column":9}},{"start":{},"end":{}}],"line":17},"1":{"loc":{"start":{"line":24,"column":8},"end":{"line":26,"column":9}},"type":"if","locations":[{"start":{"line":24,"column":8},"end":{"line":26,"column":9}},{"start":{},"end":{}}],"line":24},"2":{"loc":{"start":{"line":38,"column":45},"end":{"line":38,"column":77}},"type":"cond-expr","locations":[{"start":{"line":38,"column":69},"end":{"line":38,"column":72}},{"start":{"line":38,"column":75},"end":{"line":38,"column":77}}],"line":38},"3":{"loc":{"start":{"line":42,"column":21},"end":{"line":50,"column":21}},"type":"binary-expr","locations":[{"start":{"line":42,"column":21},"end":{"line":42,"column":62}},{"start":{"line":43,"column":24},"end":{"line":49,"column":37}}],"line":42},"4":{"loc":{"start":{"line":51,"column":21},"end":{"line":67,"column":21}},"type":"binary-expr","locations":[{"start":{"line":51,"column":21},"end":{"line":51,"column":65}},{"start":{"line":52,"column":24},"end":{"line":66,"column":30}}],"line":51},"5":{"loc":{"start":{"line":69,"column":39},"end":{"line":69,"column":64}},"type":"cond-expr","locations":[{"start":{"line":69,"column":51},"end":{"line":69,"column":53}},{"start":{"line":69,"column":56},"end":{"line":69,"column":64}}],"line":69},"6":{"loc":{"start":{"line":70,"column":29},"end":{"line":72,"column":37}},"type":"cond-expr","locations":[{"start":{"line":71,"column":34},"end":{"line":71,"column":38}},{"start":{"line":72,"column":34},"end":{"line":72,"column":37}}],"line":70}},"s":{"0":1,"1":0,"2":0,"3":0,"4":0,"5":0,"6":0,"7":0,"8":0,"9":0},"f":{"0":0,"1":0,"2":0,"3":0},"b":{"0":[0,0],"1":[0,0],"2":[0,0],"3":[0,0],"4":[0,0],"5":[0,0],"6":[0,0]},"_coverageSchema":"1a1c01bbd47fc00a2c39e90264f33305004495a9","hash":"3b9bf97b63822953bcec9e40e79ea904f0edfee0"}
,"D:\\275\\brokenfinal\\quizzer_start\\src\\quizzer\\QuizView.tsx": {"path":"D:\\275\\brokenfinal\\quizzer_start\\src\\quizzer\\QuizView.tsx","statementMap":{"0":{"start":{"line":8,"column":24},"end":{"line":41,"column":1}},"1":{"start":{"line":14,"column":28},"end":{"line":14,"column":43}},"2":{"start":{"line":16,"column":23},"end":{"line":18,"column":5}},"3":{"start":{"line":17,"column":8},"end":{"line":17,"column":23}},"4":{"start":{"line":20,"column":4},"end":{"line":40,"column":6}}},"fnMap":{"0":{"name":"(anonymous_0)","decl":{"start":{"line":8,"column":24},"end":{"line":8,"column":25}},"loc":{"start":{"line":13,"column":137},"end":{"line":41,"column":1}},"line":13},"1":{"name":"(anonymous_1)","decl":{"start":{"line":16,"column":23},"end":{"line":16,"column":24}},"loc":{"start":{"line":16,"column":29},"end":{"line":18,"column":5}},"line":16}},"branchMap":{"0":{"loc":{"start":{"line":22,"column":13},"end":{"line":30,"column":13}},"type":"binary-expr","locations":[{"start":{"line":22,"column":13},"end":{"line":22,"column":17}},{"start":{"line":23,"column":16},"end":{"line":29,"column":28}}],"line":22},"1":{"loc":{"start":{"line":31,"column":13},"end":{"line":38,"column":13}},"type":"binary-expr","locations":[{"start":{"line":31,"column":13},"end":{"line":31,"column":18}},{"start":{"line":32,"column":16},"end":{"line":37,"column":32}}],"line":31}},"s":{"0":1,"1":0,"2":0,"3":0,"4":0},"f":{"0":0,"1":0},"b":{"0":[0,0],"1":[0,0]},"_coverageSchema":"1a1c01bbd47fc00a2c39e90264f33305004495a9","hash":"5e75494909eee477b22788df99e82ea84d7b03ba"}
,"D:\\275\\brokenfinal\\quizzer_start\\src\\quizzer\\Quizzer.tsx": {"path":"D:\\275\\brokenfinal\\quizzer_start\\src\\quizzer\\Quizzer.tsx","statementMap":{"0":{"start":{"line":10,"column":16},"end":{"line":21,"column":1}},"1":{"start":{"line":11,"column":21},"end":{"line":20,"column":5}},"2":{"start":{"line":14,"column":30},"end":{"line":18,"column":13}},"3":{"start":{"line":23,"column":23},"end":{"line":112,"column":1}},"4":{"start":{"line":24,"column":34},"end":{"line":24,"column":59}},"5":{"start":{"line":25,"column":44},"end":{"line":25,"column":59}},"6":{"start":{"line":28,"column":8},"end":{"line":28,"column":101}},"7":{"start":{"line":32,"column":8},"end":{"line":34,"column":10}},"8":{"start":{"line":33,"column":44},"end":{"line":33,"column":70}},"9":{"start":{"line":38,"column":8},"end":{"line":38,"column":55}},"10":{"start":{"line":42,"column":8},"end":{"line":42,"column":71}},"11":{"start":{"line":42,"column":56},"end":{"line":42,"column":68}},"12":{"start":{"line":45,"column":28},"end":{"line":45,"column":55}},"13":{"start":{"line":45,"column":34},"end":{"line":45,"column":55}},"14":{"start":{"line":46,"column":29},"end":{"line":46,"column":57}},"15":{"start":{"line":46,"column":35},"end":{"line":46,"column":57}},"16":{"start":{"line":48,"column":4},"end":{"line":111,"column":6}}},"fnMap":{"0":{"name":"(anonymous_0)","decl":{"start":{"line":11,"column":4},"end":{"line":11,"column":5}},"loc":{"start":{"line":11,"column":21},"end":{"line":20,"column":5}},"line":11},"1":{"name":"(anonymous_1)","decl":{"start":{"line":14,"column":12},"end":{"line":14,"column":13}},"loc":{"start":{"line":14,"column":30},"end":{"line":18,"column":13}},"line":14},"2":{"name":"(anonymous_2)","decl":{"start":{"line":23,"column":23},"end":{"line":23,"column":24}},"loc":{"start":{"line":23,"column":29},"end":{"line":112,"column":1}},"line":23},"3":{"name":"newQuiz","decl":{"start":{"line":27,"column":13},"end":{"line":27,"column":20}},"loc":{"start":{"line":27,"column":56},"end":{"line":29,"column":5}},"line":27},"4":{"name":"editQuiz","decl":{"start":{"line":31,"column":13},"end":{"line":31,"column":21}},"loc":{"start":{"line":31,"column":50},"end":{"line":35,"column":5}},"line":31},"5":{"name":"(anonymous_5)","decl":{"start":{"line":33,"column":24},"end":{"line":33,"column":25}},"loc":{"start":{"line":33,"column":44},"end":{"line":33,"column":70}},"line":33},"6":{"name":"addQuiz","decl":{"start":{"line":37,"column":13},"end":{"line":37,"column":20}},"loc":{"start":{"line":37,"column":50},"end":{"line":39,"column":5}},"line":37},"7":{"name":"deleteQuiz","decl":{"start":{"line":41,"column":13},"end":{"line":41,"column":23}},"loc":{"start":{"line":41,"column":37},"end":{"line":43,"column":5}},"line":41},"8":{"name":"(anonymous_8)","decl":{"start":{"line":42,"column":34},"end":{"line":42,"column":35}},"loc":{"start":{"line":42,"column":56},"end":{"line":42,"column":68}},"line":42},"9":{"name":"(anonymous_9)","decl":{"start":{"line":45,"column":28},"end":{"line":45,"column":29}},"loc":{"start":{"line":45,"column":34},"end":{"line":45,"column":55}},"line":45},"10":{"name":"(anonymous_10)","decl":{"start":{"line":46,"column":29},"end":{"line":46,"column":30}},"loc":{"start":{"line":46,"column":35},"end":{"line":46,"column":57}},"line":46}},"branchMap":{"0":{"loc":{"start":{"line":33,"column":44},"end":{"line":33,"column":70}},"type":"cond-expr","locations":[{"start":{"line":33,"column":59},"end":{"line":33,"column":66}},{"start":{"line":33,"column":69},"end":{"line":33,"column":70}}],"line":33}},"s":{"0":1,"1":5,"2":20,"3":1,"4":2,"5":1,"6":0,"7":0,"8":0,"9":0,"10":0,"11":0,"12":1,"13":0,"14":1,"15":0,"16":1},"f":{"0":5,"1":20,"2":2,"3":0,"4":0,"5":0,"6":0,"7":0,"8":0,"9":0,"10":0},"b":{"0":[0,0]},"_coverageSchema":"1a1c01bbd47fc00a2c39e90264f33305004495a9","hash":"0a53eaa985f2bcba8abce85f37b2647aa622d0b7"}
}
